nohup: ignoring input
================================================================================
load pg_denormalized
================================================================================
COPY 2979992
COPY 3038917
COPY 3044365
COPY 3157691
COPY 3148130
COPY 3129896
COPY 3189325
COPY 3143286
COPY 3306556
COPY 3376266

real	21m8.634s
user	35m15.286s
sys	7m21.330s
================================================================================
load pg_normalized_batch
================================================================================
